[0.000000] (-) TimerEvent: {}
[0.000318] (test_package) JobQueued: {'identifier': 'test_package', 'dependencies': OrderedDict()}
[0.000350] (test_package_msg) JobQueued: {'identifier': 'test_package_msg', 'dependencies': OrderedDict()}
[0.000841] (test_package) JobStarted: {'identifier': 'test_package'}
[0.007424] (test_package_msg) JobStarted: {'identifier': 'test_package_msg'}
[0.100028] (-) TimerEvent: {}
[0.194783] (test_package_msg) JobProgress: {'identifier': 'test_package_msg', 'progress': 'cmake'}
[0.195898] (test_package_msg) JobProgress: {'identifier': 'test_package_msg', 'progress': 'build'}
[0.195928] (test_package_msg) Command: {'cmd': ['/usr/bin/cmake', '--build', '/home/addinedu/test/test_project/build/test_package_msg', '--', '-j12', '-l12'], 'cwd': '/home/addinedu/test/test_project/build/test_package_msg', 'env': OrderedDict([('GJS_DEBUG_TOPICS', 'JS ERROR;JS LOG'), ('LESSOPEN', '| /usr/bin/lesspipe %s'), ('USER', 'addinedu'), ('LC_TIME', 'ko_KR.UTF-8'), ('XDG_SESSION_TYPE', 'x11'), ('GIT_ASKPASS', '/usr/share/code/resources/app/extensions/git/dist/askpass.sh'), ('SHLVL', '1'), ('LD_LIBRARY_PATH', '/home/addinedu/amr_ws/pinkbot/install/minibot_controllers/lib:/home/addinedu/amr_ws/pinkbot/install/minibot_interfaces/lib:/home/addinedu/amr_ws/pinkbot/install/minibot_hardware_interface/lib:/usr/lib/x86_64-linux-gnu/gazebo-11/plugins:/opt/ros/humble/opt/rviz_ogre_vendor/lib:/opt/ros/humble/lib/x86_64-linux-gnu:/opt/ros/humble/lib::/usr/local/cuda-12.0/lib64/:/usr/lib/x86_64-linux-gnu/gazebo-11/plugins:'), ('HOME', '/home/addinedu'), ('CHROME_DESKTOP', 'code-url-handler.desktop'), ('OLDPWD', '/home/addinedu/test/test_project/src'), ('TERM_PROGRAM_VERSION', '1.89.1'), ('DESKTOP_SESSION', 'ubuntu'), ('GIO_LAUNCHED_DESKTOP_FILE', '/usr/share/applications/code.desktop'), ('GAZEBO_MASTER_URI', 'http://localhost:11345'), ('ROS_PYTHON_VERSION', '3'), ('GNOME_SHELL_SESSION_MODE', 'ubuntu'), ('GTK_MODULES', 'gail:atk-bridge'), ('VSCODE_GIT_ASKPASS_MAIN', '/usr/share/code/resources/app/extensions/git/dist/askpass-main.js'), ('LC_MONETARY', 'ko_KR.UTF-8'), ('VSCODE_GIT_ASKPASS_NODE', '/usr/share/code/code'), ('MANAGERPID', '1197'), ('SYSTEMD_EXEC_PID', '1809'), ('DBUS_SESSION_BUS_ADDRESS', 'unix:path=/run/user/1000/bus'), ('COLORTERM', 'truecolor'), ('GIO_LAUNCHED_DESKTOP_FILE_PID', '4800'), ('COLCON_PREFIX_PATH', '/home/addinedu/test/test_project/install:/home/addinedu/amr_ws/pinkbot/install'), ('ROS_DISTRO', 'humble'), ('GTK_IM_MODULE', 'ibus'), ('LOGNAME', 'addinedu'), ('JOURNAL_STREAM', '8:37206'), ('_', '/usr/bin/colcon'), ('ROS_VERSION', '2'), ('XDG_SESSION_CLASS', 'user'), ('USERNAME', 'addinedu'), ('TERM', 'xterm-256color'), ('GAZEBO_MODEL_PATH', '/usr/share/gazebo-11/models:'), ('GNOME_DESKTOP_SESSION_ID', 'this-is-deprecated'), ('ROS_LOCALHOST_ONLY', '0'), ('WINDOWPATH', '2'), ('OGRE_RESOURCE_PATH', '/usr/lib/x86_64-linux-gnu/OGRE-1.9.0'), ('PATH', '/opt/ros/humble/bin:/usr/local/cuda-12.0/bin:/home/addinedu/.cache/cloud-code/m2c/bin:/usr/local/sbin:/usr/local/bin:/usr/sbin:/usr/bin:/sbin:/bin:/usr/games:/usr/local/games:/snap/bin:/snap/bin'), ('SESSION_MANAGER', 'local/addinedu:@/tmp/.ICE-unix/1736,unix/addinedu:/tmp/.ICE-unix/1736'), ('INVOCATION_ID', '1bb44b2fc5ad4eb182b0069f34c408c4'), ('XDG_MENU_PREFIX', 'gnome-'), ('LC_ADDRESS', 'ko_KR.UTF-8'), ('XDG_RUNTIME_DIR', '/run/user/1000'), ('GDK_BACKEND', 'x11'), ('DISPLAY', ':0'), ('LANG', 'en_US.UTF-8'), ('XDG_CURRENT_DESKTOP', 'Unity'), ('LC_TELEPHONE', 'ko_KR.UTF-8'), ('XMODIFIERS', '@im=ibus'), ('XDG_SESSION_DESKTOP', 'ubuntu'), ('XAUTHORITY', '/run/user/1000/gdm/Xauthority'), ('LS_COLORS', 'rs=0:di=01;34:ln=01;36:mh=00:pi=40;33:so=01;35:do=01;35:bd=40;33;01:cd=40;33;01:or=40;31;01:mi=00:su=37;41:sg=30;43:ca=30;41:tw=30;42:ow=34;42:st=37;44:ex=01;32:*.tar=01;31:*.tgz=01;31:*.arc=01;31:*.arj=01;31:*.taz=01;31:*.lha=01;31:*.lz4=01;31:*.lzh=01;31:*.lzma=01;31:*.tlz=01;31:*.txz=01;31:*.tzo=01;31:*.t7z=01;31:*.zip=01;31:*.z=01;31:*.dz=01;31:*.gz=01;31:*.lrz=01;31:*.lz=01;31:*.lzo=01;31:*.xz=01;31:*.zst=01;31:*.tzst=01;31:*.bz2=01;31:*.bz=01;31:*.tbz=01;31:*.tbz2=01;31:*.tz=01;31:*.deb=01;31:*.rpm=01;31:*.jar=01;31:*.war=01;31:*.ear=01;31:*.sar=01;31:*.rar=01;31:*.alz=01;31:*.ace=01;31:*.zoo=01;31:*.cpio=01;31:*.7z=01;31:*.rz=01;31:*.cab=01;31:*.wim=01;31:*.swm=01;31:*.dwm=01;31:*.esd=01;31:*.jpg=01;35:*.jpeg=01;35:*.mjpg=01;35:*.mjpeg=01;35:*.gif=01;35:*.bmp=01;35:*.pbm=01;35:*.pgm=01;35:*.ppm=01;35:*.tga=01;35:*.xbm=01;35:*.xpm=01;35:*.tif=01;35:*.tiff=01;35:*.png=01;35:*.svg=01;35:*.svgz=01;35:*.mng=01;35:*.pcx=01;35:*.mov=01;35:*.mpg=01;35:*.mpeg=01;35:*.m2v=01;35:*.mkv=01;35:*.webm=01;35:*.webp=01;35:*.ogm=01;35:*.mp4=01;35:*.m4v=01;35:*.mp4v=01;35:*.vob=01;35:*.qt=01;35:*.nuv=01;35:*.wmv=01;35:*.asf=01;35:*.rm=01;35:*.rmvb=01;35:*.flc=01;35:*.avi=01;35:*.fli=01;35:*.flv=01;35:*.gl=01;35:*.dl=01;35:*.xcf=01;35:*.xwd=01;35:*.yuv=01;35:*.cgm=01;35:*.emf=01;35:*.ogv=01;35:*.ogx=01;35:*.aac=00;36:*.au=00;36:*.flac=00;36:*.m4a=00;36:*.mid=00;36:*.midi=00;36:*.mka=00;36:*.mp3=00;36:*.mpc=00;36:*.ogg=00;36:*.ra=00;36:*.wav=00;36:*.oga=00;36:*.opus=00;36:*.spx=00;36:*.xspf=00;36:'), ('VSCODE_GIT_IPC_HANDLE', '/run/user/1000/vscode-git-076fe2595b.sock'), ('TERM_PROGRAM', 'vscode'), ('SSH_AGENT_LAUNCHER', 'gnome-keyring'), ('SSH_AUTH_SOCK', '/run/user/1000/keyring/ssh'), ('ROS_DOMAIN_ID', '01'), ('AMENT_PREFIX_PATH', '/home/addinedu/test/test_project/install/test_package_msg:/home/addinedu/test/test_project/install/test_package:/home/addinedu/amr_ws/pinkbot/install/minibot_navigation2:/home/addinedu/amr_ws/pinkbot/install/minibot_controllers:/home/addinedu/amr_ws/pinkbot/install/minibot_interfaces:/home/addinedu/amr_ws/pinkbot/install/minibot_hardware_interface:/home/addinedu/amr_ws/pinkbot/install/minibot_bringup:/home/addinedu/amr_ws/pinkbot/install/minibot_gazebo:/home/addinedu/amr_ws/pinkbot/install/minibot_description:/opt/ros/humble'), ('ORIGINAL_XDG_CURRENT_DESKTOP', 'ubuntu:GNOME'), ('SHELL', '/bin/bash'), ('LC_NAME', 'ko_KR.UTF-8'), ('QT_ACCESSIBILITY', '1'), ('GDMSESSION', 'ubuntu'), ('LESSCLOSE', '/usr/bin/lesspipe %s %s'), ('LC_MEASUREMENT', 'ko_KR.UTF-8'), ('GPG_AGENT_INFO', '/run/user/1000/gnupg/S.gpg-agent:0:1'), ('GAZEBO_RESOURCE_PATH', '/usr/share/gazebo-11:'), ('GJS_DEBUG_OUTPUT', 'stderr'), ('LC_IDENTIFICATION', 'ko_KR.UTF-8'), ('GAZEBO_MODEL_DATABASE_URI', 'http://models.gazebosim.org'), ('VSCODE_GIT_ASKPASS_EXTRA_ARGS', ''), ('QT_IM_MODULE', 'ibus'), ('PWD', '/home/addinedu/test/test_project/build/test_package_msg'), ('LC_ALL', 'en_US.UTF-8'), ('CUDA_HOME', '/usr/local/cuda-12.0'), ('XDG_CONFIG_DIRS', '/etc/xdg/xdg-ubuntu:/etc/xdg'), ('GAZEBO_PLUGIN_PATH', '/usr/lib/x86_64-linux-gnu/gazebo-11/plugins:'), ('XDG_DATA_DIRS', '/usr/share/ubuntu:/usr/share/gnome:/usr/local/share/:/usr/share/:/var/lib/snapd/desktop'), ('PYTHONPATH', '/home/addinedu/test/test_project/install/test_package/lib/python3.10/site-packages:/home/addinedu/amr_ws/pinkbot/install/minibot_interfaces/local/lib/python3.10/dist-packages:/opt/ros/humble/lib/python3.10/site-packages:/opt/ros/humble/local/lib/python3.10/dist-packages'), ('LC_NUMERIC', 'ko_KR.UTF-8'), ('LC_PAPER', 'ko_KR.UTF-8'), ('COLCON', '1'), ('CMAKE_PREFIX_PATH', '/home/addinedu/test/test_project/install/test_package_msg:/home/addinedu/amr_ws/pinkbot/install/minibot_navigation2:/home/addinedu/amr_ws/pinkbot/install/minibot_controllers:/home/addinedu/amr_ws/pinkbot/install/minibot_interfaces:/home/addinedu/amr_ws/pinkbot/install/minibot_hardware_interface:/home/addinedu/amr_ws/pinkbot/install/minibot_bringup:/home/addinedu/amr_ws/pinkbot/install/minibot_gazebo:/home/addinedu/amr_ws/pinkbot/install/minibot_description:/home/addinedu/test/test_project/install/test_package:/opt/ros/humble')]), 'shell': False}
[0.200087] (-) TimerEvent: {}
[0.215949] (test_package_msg) StdoutLine: {'line': b'-- Found ament_cmake: 1.3.8 (/opt/ros/humble/share/ament_cmake/cmake)\n'}
[0.300186] (-) TimerEvent: {}
[0.319501] (test_package_msg) StdoutLine: {'line': b'-- Found rosidl_default_generators: 1.2.0 (/opt/ros/humble/share/rosidl_default_generators/cmake)\n'}
[0.321296] (test_package_msg) StdoutLine: {'line': b'-- Using all available rosidl_typesupport_c: rosidl_typesupport_fastrtps_c;rosidl_typesupport_introspection_c\n'}
[0.323373] (test_package_msg) StdoutLine: {'line': b'-- Found rosidl_adapter: 3.1.5 (/opt/ros/humble/share/rosidl_adapter/cmake)\n'}
[0.348975] (test_package_msg) StdoutLine: {'line': b'-- Using all available rosidl_typesupport_cpp: rosidl_typesupport_fastrtps_cpp;rosidl_typesupport_introspection_cpp\n'}
[0.400298] (-) TimerEvent: {}
[0.500532] (-) TimerEvent: {}
[0.572148] (test_package_msg) StdoutLine: {'line': b'-- Found ament_cmake_ros: 0.10.0 (/opt/ros/humble/share/ament_cmake_ros/cmake)\n'}
[0.600645] (-) TimerEvent: {}
[0.700866] (-) TimerEvent: {}
[0.731538] (test_package_msg) StdoutLine: {'line': b'-- Using all available rosidl_typesupport_c: rosidl_typesupport_fastrtps_c;rosidl_typesupport_introspection_c\n'}
[0.747073] (test_package) Command: {'cmd': ['/usr/bin/python3', '-W', 'ignore:setup.py install is deprecated', 'setup.py', 'egg_info', '--egg-base', '../../build/test_package', 'build', '--build-base', '/home/addinedu/test/test_project/build/test_package/build', 'install', '--record', '/home/addinedu/test/test_project/build/test_package/install.log', '--single-version-externally-managed', 'install_data'], 'cwd': '/home/addinedu/test/test_project/src/test_package', 'env': {'GJS_DEBUG_TOPICS': 'JS ERROR;JS LOG', 'LESSOPEN': '| /usr/bin/lesspipe %s', 'USER': 'addinedu', 'LC_TIME': 'ko_KR.UTF-8', 'XDG_SESSION_TYPE': 'x11', 'GIT_ASKPASS': '/usr/share/code/resources/app/extensions/git/dist/askpass.sh', 'SHLVL': '1', 'LD_LIBRARY_PATH': '/home/addinedu/amr_ws/pinkbot/install/minibot_controllers/lib:/home/addinedu/amr_ws/pinkbot/install/minibot_interfaces/lib:/home/addinedu/amr_ws/pinkbot/install/minibot_hardware_interface/lib:/usr/lib/x86_64-linux-gnu/gazebo-11/plugins:/opt/ros/humble/opt/rviz_ogre_vendor/lib:/opt/ros/humble/lib/x86_64-linux-gnu:/opt/ros/humble/lib::/usr/local/cuda-12.0/lib64/:/usr/lib/x86_64-linux-gnu/gazebo-11/plugins:', 'HOME': '/home/addinedu', 'CHROME_DESKTOP': 'code-url-handler.desktop', 'OLDPWD': '/home/addinedu/test/test_project/src', 'TERM_PROGRAM_VERSION': '1.89.1', 'DESKTOP_SESSION': 'ubuntu', 'GIO_LAUNCHED_DESKTOP_FILE': '/usr/share/applications/code.desktop', 'GAZEBO_MASTER_URI': 'http://localhost:11345', 'ROS_PYTHON_VERSION': '3', 'GNOME_SHELL_SESSION_MODE': 'ubuntu', 'GTK_MODULES': 'gail:atk-bridge', 'VSCODE_GIT_ASKPASS_MAIN': '/usr/share/code/resources/app/extensions/git/dist/askpass-main.js', 'LC_MONETARY': 'ko_KR.UTF-8', 'VSCODE_GIT_ASKPASS_NODE': '/usr/share/code/code', 'MANAGERPID': '1197', 'SYSTEMD_EXEC_PID': '1809', 'DBUS_SESSION_BUS_ADDRESS': 'unix:path=/run/user/1000/bus', 'COLORTERM': 'truecolor', 'GIO_LAUNCHED_DESKTOP_FILE_PID': '4800', 'COLCON_PREFIX_PATH': '/home/addinedu/test/test_project/install:/home/addinedu/amr_ws/pinkbot/install', 'ROS_DISTRO': 'humble', 'GTK_IM_MODULE': 'ibus', 'LOGNAME': 'addinedu', 'JOURNAL_STREAM': '8:37206', '_': '/usr/bin/colcon', 'ROS_VERSION': '2', 'XDG_SESSION_CLASS': 'user', 'USERNAME': 'addinedu', 'TERM': 'xterm-256color', 'GAZEBO_MODEL_PATH': '/usr/share/gazebo-11/models:', 'GNOME_DESKTOP_SESSION_ID': 'this-is-deprecated', 'ROS_LOCALHOST_ONLY': '0', 'WINDOWPATH': '2', 'OGRE_RESOURCE_PATH': '/usr/lib/x86_64-linux-gnu/OGRE-1.9.0', 'PATH': '/opt/ros/humble/bin:/usr/local/cuda-12.0/bin:/home/addinedu/.cache/cloud-code/m2c/bin:/usr/local/sbin:/usr/local/bin:/usr/sbin:/usr/bin:/sbin:/bin:/usr/games:/usr/local/games:/snap/bin:/snap/bin', 'SESSION_MANAGER': 'local/addinedu:@/tmp/.ICE-unix/1736,unix/addinedu:/tmp/.ICE-unix/1736', 'INVOCATION_ID': '1bb44b2fc5ad4eb182b0069f34c408c4', 'XDG_MENU_PREFIX': 'gnome-', 'LC_ADDRESS': 'ko_KR.UTF-8', 'XDG_RUNTIME_DIR': '/run/user/1000', 'GDK_BACKEND': 'x11', 'DISPLAY': ':0', 'LANG': 'en_US.UTF-8', 'XDG_CURRENT_DESKTOP': 'Unity', 'LC_TELEPHONE': 'ko_KR.UTF-8', 'XMODIFIERS': '@im=ibus', 'XDG_SESSION_DESKTOP': 'ubuntu', 'XAUTHORITY': '/run/user/1000/gdm/Xauthority', 'LS_COLORS': 'rs=0:di=01;34:ln=01;36:mh=00:pi=40;33:so=01;35:do=01;35:bd=40;33;01:cd=40;33;01:or=40;31;01:mi=00:su=37;41:sg=30;43:ca=30;41:tw=30;42:ow=34;42:st=37;44:ex=01;32:*.tar=01;31:*.tgz=01;31:*.arc=01;31:*.arj=01;31:*.taz=01;31:*.lha=01;31:*.lz4=01;31:*.lzh=01;31:*.lzma=01;31:*.tlz=01;31:*.txz=01;31:*.tzo=01;31:*.t7z=01;31:*.zip=01;31:*.z=01;31:*.dz=01;31:*.gz=01;31:*.lrz=01;31:*.lz=01;31:*.lzo=01;31:*.xz=01;31:*.zst=01;31:*.tzst=01;31:*.bz2=01;31:*.bz=01;31:*.tbz=01;31:*.tbz2=01;31:*.tz=01;31:*.deb=01;31:*.rpm=01;31:*.jar=01;31:*.war=01;31:*.ear=01;31:*.sar=01;31:*.rar=01;31:*.alz=01;31:*.ace=01;31:*.zoo=01;31:*.cpio=01;31:*.7z=01;31:*.rz=01;31:*.cab=01;31:*.wim=01;31:*.swm=01;31:*.dwm=01;31:*.esd=01;31:*.jpg=01;35:*.jpeg=01;35:*.mjpg=01;35:*.mjpeg=01;35:*.gif=01;35:*.bmp=01;35:*.pbm=01;35:*.pgm=01;35:*.ppm=01;35:*.tga=01;35:*.xbm=01;35:*.xpm=01;35:*.tif=01;35:*.tiff=01;35:*.png=01;35:*.svg=01;35:*.svgz=01;35:*.mng=01;35:*.pcx=01;35:*.mov=01;35:*.mpg=01;35:*.mpeg=01;35:*.m2v=01;35:*.mkv=01;35:*.webm=01;35:*.webp=01;35:*.ogm=01;35:*.mp4=01;35:*.m4v=01;35:*.mp4v=01;35:*.vob=01;35:*.qt=01;35:*.nuv=01;35:*.wmv=01;35:*.asf=01;35:*.rm=01;35:*.rmvb=01;35:*.flc=01;35:*.avi=01;35:*.fli=01;35:*.flv=01;35:*.gl=01;35:*.dl=01;35:*.xcf=01;35:*.xwd=01;35:*.yuv=01;35:*.cgm=01;35:*.emf=01;35:*.ogv=01;35:*.ogx=01;35:*.aac=00;36:*.au=00;36:*.flac=00;36:*.m4a=00;36:*.mid=00;36:*.midi=00;36:*.mka=00;36:*.mp3=00;36:*.mpc=00;36:*.ogg=00;36:*.ra=00;36:*.wav=00;36:*.oga=00;36:*.opus=00;36:*.spx=00;36:*.xspf=00;36:', 'VSCODE_GIT_IPC_HANDLE': '/run/user/1000/vscode-git-076fe2595b.sock', 'TERM_PROGRAM': 'vscode', 'SSH_AGENT_LAUNCHER': 'gnome-keyring', 'SSH_AUTH_SOCK': '/run/user/1000/keyring/ssh', 'ROS_DOMAIN_ID': '01', 'AMENT_PREFIX_PATH': '/home/addinedu/test/test_project/install/test_package_msg:/home/addinedu/test/test_project/install/test_package:/home/addinedu/amr_ws/pinkbot/install/minibot_navigation2:/home/addinedu/amr_ws/pinkbot/install/minibot_controllers:/home/addinedu/amr_ws/pinkbot/install/minibot_interfaces:/home/addinedu/amr_ws/pinkbot/install/minibot_hardware_interface:/home/addinedu/amr_ws/pinkbot/install/minibot_bringup:/home/addinedu/amr_ws/pinkbot/install/minibot_gazebo:/home/addinedu/amr_ws/pinkbot/install/minibot_description:/opt/ros/humble', 'ORIGINAL_XDG_CURRENT_DESKTOP': 'ubuntu:GNOME', 'SHELL': '/bin/bash', 'LC_NAME': 'ko_KR.UTF-8', 'QT_ACCESSIBILITY': '1', 'GDMSESSION': 'ubuntu', 'LESSCLOSE': '/usr/bin/lesspipe %s %s', 'LC_MEASUREMENT': 'ko_KR.UTF-8', 'GPG_AGENT_INFO': '/run/user/1000/gnupg/S.gpg-agent:0:1', 'GAZEBO_RESOURCE_PATH': '/usr/share/gazebo-11:', 'GJS_DEBUG_OUTPUT': 'stderr', 'LC_IDENTIFICATION': 'ko_KR.UTF-8', 'GAZEBO_MODEL_DATABASE_URI': 'http://models.gazebosim.org', 'VSCODE_GIT_ASKPASS_EXTRA_ARGS': '', 'QT_IM_MODULE': 'ibus', 'PWD': '/home/addinedu/test/test_project/build/test_package', 'LC_ALL': 'en_US.UTF-8', 'CUDA_HOME': '/usr/local/cuda-12.0', 'XDG_CONFIG_DIRS': '/etc/xdg/xdg-ubuntu:/etc/xdg', 'GAZEBO_PLUGIN_PATH': '/usr/lib/x86_64-linux-gnu/gazebo-11/plugins:', 'XDG_DATA_DIRS': '/usr/share/ubuntu:/usr/share/gnome:/usr/local/share/:/usr/share/:/var/lib/snapd/desktop', 'PYTHONPATH': '/home/addinedu/test/test_project/build/test_package/prefix_override:/home/addinedu/test/test_project/install/test_package/lib/python3.10/site-packages:/home/addinedu/test/test_project/install/test_package/lib/python3.10/site-packages:/home/addinedu/amr_ws/pinkbot/install/minibot_interfaces/local/lib/python3.10/dist-packages:/opt/ros/humble/lib/python3.10/site-packages:/opt/ros/humble/local/lib/python3.10/dist-packages', 'LC_NUMERIC': 'ko_KR.UTF-8', 'LC_PAPER': 'ko_KR.UTF-8', 'COLCON': '1', 'CMAKE_PREFIX_PATH': '/home/addinedu/test/test_project/install/test_package_msg:/home/addinedu/amr_ws/pinkbot/install/minibot_navigation2:/home/addinedu/amr_ws/pinkbot/install/minibot_controllers:/home/addinedu/amr_ws/pinkbot/install/minibot_interfaces:/home/addinedu/amr_ws/pinkbot/install/minibot_hardware_interface:/home/addinedu/amr_ws/pinkbot/install/minibot_bringup:/home/addinedu/amr_ws/pinkbot/install/minibot_gazebo:/home/addinedu/amr_ws/pinkbot/install/minibot_description'}, 'shell': False}
[0.800975] (-) TimerEvent: {}
[0.901210] (-) TimerEvent: {}
[0.927633] (test_package_msg) StdoutLine: {'line': b'-- Using all available rosidl_typesupport_cpp: rosidl_typesupport_fastrtps_cpp;rosidl_typesupport_introspection_cpp\n'}
[0.947102] (test_package_msg) StdoutLine: {'line': b'-- Found PythonInterp: /usr/bin/python3 (found suitable version "3.10.12", minimum required is "3.6") \n'}
[0.949510] (test_package_msg) StdoutLine: {'line': b'-- Found python_cmake_module: 0.10.0 (/opt/ros/humble/share/python_cmake_module/cmake)\n'}
[0.971854] (test_package_msg) StdoutLine: {'line': b'-- Found PythonLibs: /usr/lib/x86_64-linux-gnu/libpython3.10.so (found suitable version "3.10.12", minimum required is "3.5") \n'}
[0.971982] (test_package_msg) StdoutLine: {'line': b'-- Using PYTHON_EXECUTABLE: /usr/bin/python3\n'}
[0.972039] (test_package_msg) StdoutLine: {'line': b'-- Using PYTHON_INCLUDE_DIRS: /usr/include/python3.10\n'}
[0.972088] (test_package_msg) StdoutLine: {'line': b'-- Using PYTHON_LIBRARIES: /usr/lib/x86_64-linux-gnu/libpython3.10.so\n'}
[0.978873] (test_package) StdoutLine: {'line': b'running egg_info\n'}
[0.988639] (test_package_msg) StdoutLine: {'line': b'-- Found PythonExtra: .so  \n'}
[0.995473] (test_package) StdoutLine: {'line': b'writing ../../build/test_package/test_package.egg-info/PKG-INFO\n'}
[0.995800] (test_package) StdoutLine: {'line': b'writing dependency_links to ../../build/test_package/test_package.egg-info/dependency_links.txt\n'}
[0.995946] (test_package) StdoutLine: {'line': b'writing entry points to ../../build/test_package/test_package.egg-info/entry_points.txt\n'}
[0.996087] (test_package) StdoutLine: {'line': b'writing requirements to ../../build/test_package/test_package.egg-info/requires.txt\n'}
[0.996196] (test_package) StdoutLine: {'line': b'writing top-level names to ../../build/test_package/test_package.egg-info/top_level.txt\n'}
[1.001267] (-) TimerEvent: {}
[1.015768] (test_package_msg) StdoutLine: {'line': b'-- Found ament_lint_auto: 0.12.10 (/opt/ros/humble/share/ament_lint_auto/cmake)\n'}
[1.024822] (test_package_msg) StdoutLine: {'line': b"-- Added test 'lint_cmake' to check CMake code style\n"}
[1.025537] (test_package_msg) StdoutLine: {'line': b"-- Added test 'xmllint' to check XML markup files\n"}
[1.027335] (test_package_msg) StdoutLine: {'line': b'-- Configuring done\n'}
[1.032206] (test_package) StdoutLine: {'line': b"reading manifest file '../../build/test_package/test_package.egg-info/SOURCES.txt'\n"}
[1.032996] (test_package) StdoutLine: {'line': b"writing manifest file '../../build/test_package/test_package.egg-info/SOURCES.txt'\n"}
[1.033151] (test_package) StdoutLine: {'line': b'running build\n'}
[1.033234] (test_package) StdoutLine: {'line': b'running build_py\n'}
[1.033289] (test_package) StdoutLine: {'line': b'copying test_package/__init__.py -> /home/addinedu/test/test_project/build/test_package/build/lib/test_package\n'}
[1.033360] (test_package) StdoutLine: {'line': b'copying test_package/control_tower.py -> /home/addinedu/test/test_project/build/test_package/build/lib/test_package\n'}
[1.033438] (test_package) StdoutLine: {'line': b'copying test_package/KioskManager.py -> /home/addinedu/test/test_project/build/test_package/build/lib/test_package\n'}
[1.033609] (test_package) StdoutLine: {'line': b'copying test_package/StoreManager.py -> /home/addinedu/test/test_project/build/test_package/build/lib/test_package\n'}
[1.033760] (test_package) StdoutLine: {'line': b'copying test_package/test.py -> /home/addinedu/test/test_project/build/test_package/build/lib/test_package\n'}
[1.033865] (test_package) StdoutLine: {'line': b'copying test_package/TcpNode.py -> /home/addinedu/test/test_project/build/test_package/build/lib/test_package\n'}
[1.034063] (test_package) StdoutLine: {'line': b'running install\n'}
[1.039155] (test_package) StdoutLine: {'line': b'running install_lib\n'}
[1.048728] (test_package_msg) StdoutLine: {'line': b'-- Generating done\n'}
[1.050801] (test_package_msg) StdoutLine: {'line': b'-- Build files have been written to: /home/addinedu/test/test_project/build/test_package_msg\n'}
[1.057656] (test_package) StdoutLine: {'line': b'running install_data\n'}
[1.057821] (test_package) StdoutLine: {'line': b'copying resource/test_package -> /home/addinedu/test/test_project/install/test_package/share/ament_index/resource_index/packages\n'}
[1.057887] (test_package) StdoutLine: {'line': b'copying package.xml -> /home/addinedu/test/test_project/install/test_package/share/test_package\n'}
[1.057955] (test_package) StdoutLine: {'line': b'running install_egg_info\n'}
[1.071210] (test_package_msg) StdoutLine: {'line': b'[  3%] \x1b[34m\x1b[1mGenerating C code for ROS interfaces\x1b[0m\n'}
[1.077034] (test_package) StdoutLine: {'line': b"removing '/home/addinedu/test/test_project/install/test_package/lib/python3.10/site-packages/test_package-0.0.0-py3.10.egg-info' (and everything under it)\n"}
[1.077235] (test_package) StdoutLine: {'line': b'Copying ../../build/test_package/test_package.egg-info to /home/addinedu/test/test_project/install/test_package/lib/python3.10/site-packages/test_package-0.0.0-py3.10.egg-info\n'}
[1.077872] (test_package) StdoutLine: {'line': b'running install_scripts\n'}
[1.079160] (test_package_msg) StdoutLine: {'line': b'[  6%] \x1b[34m\x1b[1mGenerating C++ code for ROS interfaces\x1b[0m\n'}
[1.086207] (test_package_msg) StdoutLine: {'line': b'[  6%] Built target ament_cmake_python_copy_test_package_msg\n'}
[1.101373] (-) TimerEvent: {}
[1.201628] (-) TimerEvent: {}
[1.232120] (test_package) StdoutLine: {'line': b'Installing control_tower script to /home/addinedu/test/test_project/install/test_package/lib/test_package\n'}
[1.232288] (test_package) StdoutLine: {'line': b'Installing tcp_node script to /home/addinedu/test/test_project/install/test_package/lib/test_package\n'}
[1.232485] (test_package) StdoutLine: {'line': b"writing list of installed files to '/home/addinedu/test/test_project/build/test_package/install.log'\n"}
[1.256883] (test_package) CommandEnded: {'returncode': 0}
[1.268068] (test_package) JobEnded: {'identifier': 'test_package', 'rc': 0}
[1.275622] (test_package_msg) StdoutLine: {'line': b'running egg_info\n'}
[1.276526] (test_package_msg) StdoutLine: {'line': b'creating test_package_msg.egg-info\n'}
[1.295834] (test_package_msg) StdoutLine: {'line': b'writing test_package_msg.egg-info/PKG-INFO\n'}
[1.296281] (test_package_msg) StdoutLine: {'line': b'writing dependency_links to test_package_msg.egg-info/dependency_links.txt\n'}
[1.296503] (test_package_msg) StdoutLine: {'line': b'writing top-level names to test_package_msg.egg-info/top_level.txt\n'}
[1.296641] (test_package_msg) StdoutLine: {'line': b"writing manifest file 'test_package_msg.egg-info/SOURCES.txt'\n"}
[1.301738] (-) TimerEvent: {}
[1.309647] (test_package_msg) StdoutLine: {'line': b'[  6%] Built target test_package_msg__cpp\n'}
[1.311051] (test_package_msg) StdoutLine: {'line': b'[  9%] \x1b[32mBuilding C object CMakeFiles/test_package_msg__rosidl_generator_c.dir/rosidl_generator_c/test_package_msg/srv/detail/tcp__functions.c.o\x1b[0m\n'}
[1.319591] (test_package_msg) StdoutLine: {'line': b'[ 19%] \x1b[34m\x1b[1mGenerating C++ type support dispatch for ROS interfaces\x1b[0m\n'}
[1.319819] (test_package_msg) StdoutLine: {'line': b'[ 19%] \x1b[34m\x1b[1mGenerating C++ type support for eProsima Fast-RTPS\x1b[0m\n'}
[1.319916] (test_package_msg) StdoutLine: {'line': b'[ 19%] \x1b[34m\x1b[1mGenerating C++ introspection for ROS interfaces\x1b[0m\n'}
[1.333793] (test_package_msg) StderrLine: {'line': b'In file included from \x1b[01m\x1b[K/home/addinedu/test/test_project/build/test_package_msg/rosidl_generator_c/test_package_msg/srv/detail/tcp__functions.h:19\x1b[m\x1b[K,\n'}
[1.333949] (test_package_msg) StderrLine: {'line': b'                 from \x1b[01m\x1b[K/home/addinedu/test/test_project/build/test_package_msg/rosidl_generator_c/test_package_msg/srv/detail/tcp__functions.c:4\x1b[m\x1b[K:\n'}
[1.334007] (test_package_msg) StderrLine: {'line': b'\x1b[01m\x1b[K/home/addinedu/test/test_project/build/test_package_msg/rosidl_generator_c/test_package_msg/srv/detail/tcp__struct.h:22:10:\x1b[m\x1b[K \x1b[01;31m\x1b[Kfatal error: \x1b[m\x1b[Ktest_package_msg/msg/detail/string__struct.h: No such file or directory\n'}
[1.334064] (test_package_msg) StderrLine: {'line': b'   22 | #include \x1b[01;31m\x1b[K"test_package_msg/msg/detail/string__struct.h"\x1b[m\x1b[K\n'}
[1.334112] (test_package_msg) StderrLine: {'line': b'      |          \x1b[01;31m\x1b[K^~~~~~~~~~~~~~~~~~~~~~~~~~~~~~~~~~~~~~~~~~~~~~\x1b[m\x1b[K\n'}
[1.334158] (test_package_msg) StderrLine: {'line': b'compilation terminated.\n'}
[1.334683] (test_package_msg) StderrLine: {'line': b'gmake[2]: *** [CMakeFiles/test_package_msg__rosidl_generator_c.dir/build.make:105: CMakeFiles/test_package_msg__rosidl_generator_c.dir/rosidl_generator_c/test_package_msg/srv/detail/tcp__functions.c.o] Error 1\n'}
[1.334897] (test_package_msg) StderrLine: {'line': b'gmake[1]: *** [CMakeFiles/Makefile2:213: CMakeFiles/test_package_msg__rosidl_generator_c.dir/all] Error 2\n'}
[1.334974] (test_package_msg) StderrLine: {'line': b'gmake[1]: *** Waiting for unfinished jobs....\n'}
[1.354762] (test_package_msg) StdoutLine: {'line': b"reading manifest file 'test_package_msg.egg-info/SOURCES.txt'\n"}
[1.355207] (test_package_msg) StdoutLine: {'line': b"writing manifest file 'test_package_msg.egg-info/SOURCES.txt'\n"}
[1.379170] (test_package_msg) StdoutLine: {'line': b'[ 19%] Built target ament_cmake_python_build_test_package_msg_egg\n'}
[1.401846] (-) TimerEvent: {}
[1.502097] (-) TimerEvent: {}
[1.513246] (test_package_msg) StdoutLine: {'line': b'[ 22%] \x1b[32mBuilding CXX object CMakeFiles/test_package_msg__rosidl_typesupport_cpp.dir/rosidl_typesupport_cpp/test_package_msg/srv/tcp__type_support.cpp.o\x1b[0m\n'}
[1.533041] (test_package_msg) StdoutLine: {'line': b'[ 25%] \x1b[32mBuilding CXX object CMakeFiles/test_package_msg__rosidl_typesupport_introspection_cpp.dir/rosidl_typesupport_introspection_cpp/test_package_msg/srv/detail/tcp__type_support.cpp.o\x1b[0m\n'}
[1.549696] (test_package_msg) StdoutLine: {'line': b'[ 29%] \x1b[32mBuilding CXX object CMakeFiles/test_package_msg__rosidl_typesupport_fastrtps_cpp.dir/rosidl_typesupport_fastrtps_cpp/test_package_msg/srv/detail/dds_fastrtps/tcp__type_support.cpp.o\x1b[0m\n'}
[1.579873] (test_package_msg) StderrLine: {'line': b'In file included from \x1b[01m\x1b[K/home/addinedu/test/test_project/build/test_package_msg/rosidl_typesupport_cpp/test_package_msg/srv/tcp__type_support.cpp:7\x1b[m\x1b[K:\n'}
[1.580035] (test_package_msg) StderrLine: {'line': b'\x1b[01m\x1b[K/home/addinedu/test/test_project/build/test_package_msg/rosidl_generator_cpp/test_package_msg/srv/detail/tcp__struct.hpp:20:10:\x1b[m\x1b[K \x1b[01;31m\x1b[Kfatal error: \x1b[m\x1b[Ktest_package_msg/msg/detail/string__struct.hpp: No such file or directory\n'}
[1.580114] (test_package_msg) StderrLine: {'line': b'   20 | #include \x1b[01;31m\x1b[K"test_package_msg/msg/detail/string__struct.hpp"\x1b[m\x1b[K\n'}
[1.580185] (test_package_msg) StderrLine: {'line': b'      |          \x1b[01;31m\x1b[K^~~~~~~~~~~~~~~~~~~~~~~~~~~~~~~~~~~~~~~~~~~~~~~~\x1b[m\x1b[K\n'}
[1.580255] (test_package_msg) StderrLine: {'line': b'compilation terminated.\n'}
[1.581148] (test_package_msg) StderrLine: {'line': b'gmake[2]: *** [CMakeFiles/test_package_msg__rosidl_typesupport_cpp.dir/build.make:86: CMakeFiles/test_package_msg__rosidl_typesupport_cpp.dir/rosidl_typesupport_cpp/test_package_msg/srv/tcp__type_support.cpp.o] Error 1\n'}
[1.581299] (test_package_msg) StderrLine: {'line': b'gmake[1]: *** [CMakeFiles/Makefile2:395: CMakeFiles/test_package_msg__rosidl_typesupport_cpp.dir/all] Error 2\n'}
[1.589487] (test_package_msg) StderrLine: {'line': b'In file included from \x1b[01m\x1b[K/home/addinedu/test/test_project/build/test_package_msg/rosidl_typesupport_fastrtps_cpp/test_package_msg/srv/detail/tcp__rosidl_typesupport_fastrtps_cpp.hpp:11\x1b[m\x1b[K,\n'}
[1.589571] (test_package_msg) StderrLine: {'line': b'                 from \x1b[01m\x1b[K/home/addinedu/test/test_project/build/test_package_msg/rosidl_typesupport_fastrtps_cpp/test_package_msg/srv/detail/dds_fastrtps/tcp__type_support.cpp:4\x1b[m\x1b[K:\n'}
[1.589627] (test_package_msg) StderrLine: {'line': b'\x1b[01m\x1b[K/home/addinedu/test/test_project/build/test_package_msg/rosidl_generator_cpp/test_package_msg/srv/detail/tcp__struct.hpp:20:10:\x1b[m\x1b[K \x1b[01;31m\x1b[Kfatal error: \x1b[m\x1b[Ktest_package_msg/msg/detail/string__struct.hpp: No such file or directory\n'}
[1.589684] (test_package_msg) StderrLine: {'line': b'   20 | #include \x1b[01;31m\x1b[K"test_package_msg/msg/detail/string__struct.hpp"\x1b[m\x1b[K\n'}
[1.589733] (test_package_msg) StderrLine: {'line': b'      |          \x1b[01;31m\x1b[K^~~~~~~~~~~~~~~~~~~~~~~~~~~~~~~~~~~~~~~~~~~~~~~~\x1b[m\x1b[K\n'}
[1.589779] (test_package_msg) StderrLine: {'line': b'compilation terminated.\n'}
[1.590416] (test_package_msg) StderrLine: {'line': b'gmake[2]: *** [CMakeFiles/test_package_msg__rosidl_typesupport_fastrtps_cpp.dir/build.make:91: CMakeFiles/test_package_msg__rosidl_typesupport_fastrtps_cpp.dir/rosidl_typesupport_fastrtps_cpp/test_package_msg/srv/detail/dds_fastrtps/tcp__type_support.cpp.o] Error 1\n'}
[1.590505] (test_package_msg) StderrLine: {'line': b'gmake[1]: *** [CMakeFiles/Makefile2:343: CMakeFiles/test_package_msg__rosidl_typesupport_fastrtps_cpp.dir/all] Error 2\n'}
[1.594447] (test_package_msg) StderrLine: {'line': b'In file included from \x1b[01m\x1b[K/home/addinedu/test/test_project/build/test_package_msg/rosidl_typesupport_introspection_cpp/test_package_msg/srv/detail/tcp__type_support.cpp:12\x1b[m\x1b[K:\n'}
[1.594530] (test_package_msg) StderrLine: {'line': b'\x1b[01m\x1b[K/home/addinedu/test/test_project/build/test_package_msg/rosidl_generator_cpp/test_package_msg/srv/detail/tcp__struct.hpp:20:10:\x1b[m\x1b[K \x1b[01;31m\x1b[Kfatal error: \x1b[m\x1b[Ktest_package_msg/msg/detail/string__struct.hpp: No such file or directory\n'}
[1.594590] (test_package_msg) StderrLine: {'line': b'   20 | #include \x1b[01;31m\x1b[K"test_package_msg/msg/detail/string__struct.hpp"\x1b[m\x1b[K\n'}
[1.594641] (test_package_msg) StderrLine: {'line': b'      |          \x1b[01;31m\x1b[K^~~~~~~~~~~~~~~~~~~~~~~~~~~~~~~~~~~~~~~~~~~~~~~~\x1b[m\x1b[K\n'}
[1.594688] (test_package_msg) StderrLine: {'line': b'compilation terminated.\n'}
[1.595415] (test_package_msg) StderrLine: {'line': b'gmake[2]: *** [CMakeFiles/test_package_msg__rosidl_typesupport_introspection_cpp.dir/build.make:91: CMakeFiles/test_package_msg__rosidl_typesupport_introspection_cpp.dir/rosidl_typesupport_introspection_cpp/test_package_msg/srv/detail/tcp__type_support.cpp.o] Error 1\n'}
[1.595612] (test_package_msg) StderrLine: {'line': b'gmake[1]: *** [CMakeFiles/Makefile2:369: CMakeFiles/test_package_msg__rosidl_typesupport_introspection_cpp.dir/all] Error 2\n'}
[1.595778] (test_package_msg) StderrLine: {'line': b'gmake: *** [Makefile:146: all] Error 2\n'}
[1.597175] (test_package_msg) CommandEnded: {'returncode': 2}
[1.602186] (-) TimerEvent: {}
[1.645001] (test_package_msg) JobEnded: {'identifier': 'test_package_msg', 'rc': 2}
[1.655419] (-) EventReactorShutdown: {}
