-- Found ament_cmake: 1.3.8 (/opt/ros/humble/share/ament_cmake/cmake)
-- Found rosidl_default_generators: 1.2.0 (/opt/ros/humble/share/rosidl_default_generators/cmake)
-- Using all available rosidl_typesupport_c: rosidl_typesupport_fastrtps_c;rosidl_typesupport_introspection_c
-- Found rosidl_adapter: 3.1.5 (/opt/ros/humble/share/rosidl_adapter/cmake)
-- Using all available rosidl_typesupport_cpp: rosidl_typesupport_fastrtps_cpp;rosidl_typesupport_introspection_cpp
-- Found ament_cmake_ros: 0.10.0 (/opt/ros/humble/share/ament_cmake_ros/cmake)
-- Using all available rosidl_typesupport_c: rosidl_typesupport_fastrtps_c;rosidl_typesupport_introspection_c
-- Using all available rosidl_typesupport_cpp: rosidl_typesupport_fastrtps_cpp;rosidl_typesupport_introspection_cpp
-- Found PythonInterp: /usr/bin/python3 (found suitable version "3.10.12", minimum required is "3.6") 
-- Found python_cmake_module: 0.10.0 (/opt/ros/humble/share/python_cmake_module/cmake)
-- Found PythonLibs: /usr/lib/x86_64-linux-gnu/libpython3.10.so (found suitable version "3.10.12", minimum required is "3.5") 
-- Using PYTHON_EXECUTABLE: /usr/bin/python3
-- Using PYTHON_INCLUDE_DIRS: /usr/include/python3.10
-- Using PYTHON_LIBRARIES: /usr/lib/x86_64-linux-gnu/libpython3.10.so
-- Found PythonExtra: .so  
-- Found ament_lint_auto: 0.12.10 (/opt/ros/humble/share/ament_lint_auto/cmake)
-- Added test 'lint_cmake' to check CMake code style
-- Added test 'xmllint' to check XML markup files
-- Configuring done
-- Generating done
-- Build files have been written to: /home/addinedu/test/test_project/build/test_package_msg
[  3%] [34m[1mGenerating C code for ROS interfaces[0m
[  6%] [34m[1mGenerating C++ code for ROS interfaces[0m
[  6%] Built target ament_cmake_python_copy_test_package_msg
running egg_info
creating test_package_msg.egg-info
writing test_package_msg.egg-info/PKG-INFO
writing dependency_links to test_package_msg.egg-info/dependency_links.txt
writing top-level names to test_package_msg.egg-info/top_level.txt
writing manifest file 'test_package_msg.egg-info/SOURCES.txt'
[  6%] Built target test_package_msg__cpp
[  9%] [32mBuilding C object CMakeFiles/test_package_msg__rosidl_generator_c.dir/rosidl_generator_c/test_package_msg/srv/detail/tcp__functions.c.o[0m
[ 19%] [34m[1mGenerating C++ type support dispatch for ROS interfaces[0m
[ 19%] [34m[1mGenerating C++ type support for eProsima Fast-RTPS[0m
[ 19%] [34m[1mGenerating C++ introspection for ROS interfaces[0m
In file included from [01m[K/home/addinedu/test/test_project/build/test_package_msg/rosidl_generator_c/test_package_msg/srv/detail/tcp__functions.h:19[m[K,
                 from [01m[K/home/addinedu/test/test_project/build/test_package_msg/rosidl_generator_c/test_package_msg/srv/detail/tcp__functions.c:4[m[K:
[01m[K/home/addinedu/test/test_project/build/test_package_msg/rosidl_generator_c/test_package_msg/srv/detail/tcp__struct.h:22:10:[m[K [01;31m[Kfatal error: [m[Ktest_package_msg/msg/detail/string__struct.h: No such file or directory
   22 | #include [01;31m[K"test_package_msg/msg/detail/string__struct.h"[m[K
      |          [01;31m[K^~~~~~~~~~~~~~~~~~~~~~~~~~~~~~~~~~~~~~~~~~~~~~[m[K
compilation terminated.
gmake[2]: *** [CMakeFiles/test_package_msg__rosidl_generator_c.dir/build.make:105: CMakeFiles/test_package_msg__rosidl_generator_c.dir/rosidl_generator_c/test_package_msg/srv/detail/tcp__functions.c.o] Error 1
gmake[1]: *** [CMakeFiles/Makefile2:213: CMakeFiles/test_package_msg__rosidl_generator_c.dir/all] Error 2
gmake[1]: *** Waiting for unfinished jobs....
reading manifest file 'test_package_msg.egg-info/SOURCES.txt'
writing manifest file 'test_package_msg.egg-info/SOURCES.txt'
[ 19%] Built target ament_cmake_python_build_test_package_msg_egg
[ 22%] [32mBuilding CXX object CMakeFiles/test_package_msg__rosidl_typesupport_cpp.dir/rosidl_typesupport_cpp/test_package_msg/srv/tcp__type_support.cpp.o[0m
[ 25%] [32mBuilding CXX object CMakeFiles/test_package_msg__rosidl_typesupport_introspection_cpp.dir/rosidl_typesupport_introspection_cpp/test_package_msg/srv/detail/tcp__type_support.cpp.o[0m
[ 29%] [32mBuilding CXX object CMakeFiles/test_package_msg__rosidl_typesupport_fastrtps_cpp.dir/rosidl_typesupport_fastrtps_cpp/test_package_msg/srv/detail/dds_fastrtps/tcp__type_support.cpp.o[0m
In file included from [01m[K/home/addinedu/test/test_project/build/test_package_msg/rosidl_typesupport_cpp/test_package_msg/srv/tcp__type_support.cpp:7[m[K:
[01m[K/home/addinedu/test/test_project/build/test_package_msg/rosidl_generator_cpp/test_package_msg/srv/detail/tcp__struct.hpp:20:10:[m[K [01;31m[Kfatal error: [m[Ktest_package_msg/msg/detail/string__struct.hpp: No such file or directory
   20 | #include [01;31m[K"test_package_msg/msg/detail/string__struct.hpp"[m[K
      |          [01;31m[K^~~~~~~~~~~~~~~~~~~~~~~~~~~~~~~~~~~~~~~~~~~~~~~~[m[K
compilation terminated.
gmake[2]: *** [CMakeFiles/test_package_msg__rosidl_typesupport_cpp.dir/build.make:86: CMakeFiles/test_package_msg__rosidl_typesupport_cpp.dir/rosidl_typesupport_cpp/test_package_msg/srv/tcp__type_support.cpp.o] Error 1
gmake[1]: *** [CMakeFiles/Makefile2:395: CMakeFiles/test_package_msg__rosidl_typesupport_cpp.dir/all] Error 2
In file included from [01m[K/home/addinedu/test/test_project/build/test_package_msg/rosidl_typesupport_fastrtps_cpp/test_package_msg/srv/detail/tcp__rosidl_typesupport_fastrtps_cpp.hpp:11[m[K,
                 from [01m[K/home/addinedu/test/test_project/build/test_package_msg/rosidl_typesupport_fastrtps_cpp/test_package_msg/srv/detail/dds_fastrtps/tcp__type_support.cpp:4[m[K:
[01m[K/home/addinedu/test/test_project/build/test_package_msg/rosidl_generator_cpp/test_package_msg/srv/detail/tcp__struct.hpp:20:10:[m[K [01;31m[Kfatal error: [m[Ktest_package_msg/msg/detail/string__struct.hpp: No such file or directory
   20 | #include [01;31m[K"test_package_msg/msg/detail/string__struct.hpp"[m[K
      |          [01;31m[K^~~~~~~~~~~~~~~~~~~~~~~~~~~~~~~~~~~~~~~~~~~~~~~~[m[K
compilation terminated.
gmake[2]: *** [CMakeFiles/test_package_msg__rosidl_typesupport_fastrtps_cpp.dir/build.make:91: CMakeFiles/test_package_msg__rosidl_typesupport_fastrtps_cpp.dir/rosidl_typesupport_fastrtps_cpp/test_package_msg/srv/detail/dds_fastrtps/tcp__type_support.cpp.o] Error 1
gmake[1]: *** [CMakeFiles/Makefile2:343: CMakeFiles/test_package_msg__rosidl_typesupport_fastrtps_cpp.dir/all] Error 2
In file included from [01m[K/home/addinedu/test/test_project/build/test_package_msg/rosidl_typesupport_introspection_cpp/test_package_msg/srv/detail/tcp__type_support.cpp:12[m[K:
[01m[K/home/addinedu/test/test_project/build/test_package_msg/rosidl_generator_cpp/test_package_msg/srv/detail/tcp__struct.hpp:20:10:[m[K [01;31m[Kfatal error: [m[Ktest_package_msg/msg/detail/string__struct.hpp: No such file or directory
   20 | #include [01;31m[K"test_package_msg/msg/detail/string__struct.hpp"[m[K
      |          [01;31m[K^~~~~~~~~~~~~~~~~~~~~~~~~~~~~~~~~~~~~~~~~~~~~~~~[m[K
compilation terminated.
gmake[2]: *** [CMakeFiles/test_package_msg__rosidl_typesupport_introspection_cpp.dir/build.make:91: CMakeFiles/test_package_msg__rosidl_typesupport_introspection_cpp.dir/rosidl_typesupport_introspection_cpp/test_package_msg/srv/detail/tcp__type_support.cpp.o] Error 1
gmake[1]: *** [CMakeFiles/Makefile2:369: CMakeFiles/test_package_msg__rosidl_typesupport_introspection_cpp.dir/all] Error 2
gmake: *** [Makefile:146: all] Error 2
