[0.190s] Invoking command in '/home/addinedu/test/test_project/build/test_package_msg': CMAKE_PREFIX_PATH=${CMAKE_PREFIX_PATH}:/home/addinedu/test/test_project/install/test_package:/opt/ros/humble /usr/bin/cmake --build /home/addinedu/test/test_project/build/test_package_msg -- -j12 -l12
[0.209s] -- Found ament_cmake: 1.3.8 (/opt/ros/humble/share/ament_cmake/cmake)
[0.312s] -- Found rosidl_default_generators: 1.2.0 (/opt/ros/humble/share/rosidl_default_generators/cmake)
[0.314s] -- Using all available rosidl_typesupport_c: rosidl_typesupport_fastrtps_c;rosidl_typesupport_introspection_c
[0.316s] -- Found rosidl_adapter: 3.1.5 (/opt/ros/humble/share/rosidl_adapter/cmake)
[0.342s] -- Using all available rosidl_typesupport_cpp: rosidl_typesupport_fastrtps_cpp;rosidl_typesupport_introspection_cpp
[0.565s] -- Found ament_cmake_ros: 0.10.0 (/opt/ros/humble/share/ament_cmake_ros/cmake)
[0.724s] -- Using all available rosidl_typesupport_c: rosidl_typesupport_fastrtps_c;rosidl_typesupport_introspection_c
[0.920s] -- Using all available rosidl_typesupport_cpp: rosidl_typesupport_fastrtps_cpp;rosidl_typesupport_introspection_cpp
[0.940s] -- Found PythonInterp: /usr/bin/python3 (found suitable version "3.10.12", minimum required is "3.6") 
[0.942s] -- Found python_cmake_module: 0.10.0 (/opt/ros/humble/share/python_cmake_module/cmake)
[0.965s] -- Found PythonLibs: /usr/lib/x86_64-linux-gnu/libpython3.10.so (found suitable version "3.10.12", minimum required is "3.5") 
[0.965s] -- Using PYTHON_EXECUTABLE: /usr/bin/python3
[0.965s] -- Using PYTHON_INCLUDE_DIRS: /usr/include/python3.10
[0.965s] -- Using PYTHON_LIBRARIES: /usr/lib/x86_64-linux-gnu/libpython3.10.so
[0.981s] -- Found PythonExtra: .so  
[1.008s] -- Found ament_lint_auto: 0.12.10 (/opt/ros/humble/share/ament_lint_auto/cmake)
[1.017s] -- Added test 'lint_cmake' to check CMake code style
[1.018s] -- Added test 'xmllint' to check XML markup files
[1.020s] -- Configuring done
[1.041s] -- Generating done
[1.043s] -- Build files have been written to: /home/addinedu/test/test_project/build/test_package_msg
[1.064s] [  3%] [34m[1mGenerating C code for ROS interfaces[0m
[1.072s] [  6%] [34m[1mGenerating C++ code for ROS interfaces[0m
[1.079s] [  6%] Built target ament_cmake_python_copy_test_package_msg
[1.268s] running egg_info
[1.269s] creating test_package_msg.egg-info
[1.289s] writing test_package_msg.egg-info/PKG-INFO
[1.289s] writing dependency_links to test_package_msg.egg-info/dependency_links.txt
[1.289s] writing top-level names to test_package_msg.egg-info/top_level.txt
[1.289s] writing manifest file 'test_package_msg.egg-info/SOURCES.txt'
[1.302s] [  6%] Built target test_package_msg__cpp
[1.304s] [  9%] [32mBuilding C object CMakeFiles/test_package_msg__rosidl_generator_c.dir/rosidl_generator_c/test_package_msg/srv/detail/tcp__functions.c.o[0m
[1.312s] [ 19%] [34m[1mGenerating C++ type support dispatch for ROS interfaces[0m
[1.312s] [ 19%] [34m[1mGenerating C++ type support for eProsima Fast-RTPS[0m
[1.313s] [ 19%] [34m[1mGenerating C++ introspection for ROS interfaces[0m
[1.326s] In file included from [01m[K/home/addinedu/test/test_project/build/test_package_msg/rosidl_generator_c/test_package_msg/srv/detail/tcp__functions.h:19[m[K,
[1.327s]                  from [01m[K/home/addinedu/test/test_project/build/test_package_msg/rosidl_generator_c/test_package_msg/srv/detail/tcp__functions.c:4[m[K:
[1.327s] [01m[K/home/addinedu/test/test_project/build/test_package_msg/rosidl_generator_c/test_package_msg/srv/detail/tcp__struct.h:22:10:[m[K [01;31m[Kfatal error: [m[Ktest_package_msg/msg/detail/string__struct.h: No such file or directory
[1.327s]    22 | #include [01;31m[K"test_package_msg/msg/detail/string__struct.h"[m[K
[1.327s]       |          [01;31m[K^~~~~~~~~~~~~~~~~~~~~~~~~~~~~~~~~~~~~~~~~~~~~~[m[K
[1.327s] compilation terminated.
[1.327s] gmake[2]: *** [CMakeFiles/test_package_msg__rosidl_generator_c.dir/build.make:105: CMakeFiles/test_package_msg__rosidl_generator_c.dir/rosidl_generator_c/test_package_msg/srv/detail/tcp__functions.c.o] Error 1
[1.328s] gmake[1]: *** [CMakeFiles/Makefile2:213: CMakeFiles/test_package_msg__rosidl_generator_c.dir/all] Error 2
[1.328s] gmake[1]: *** Waiting for unfinished jobs....
[1.347s] reading manifest file 'test_package_msg.egg-info/SOURCES.txt'
[1.348s] writing manifest file 'test_package_msg.egg-info/SOURCES.txt'
[1.372s] [ 19%] Built target ament_cmake_python_build_test_package_msg_egg
[1.506s] [ 22%] [32mBuilding CXX object CMakeFiles/test_package_msg__rosidl_typesupport_cpp.dir/rosidl_typesupport_cpp/test_package_msg/srv/tcp__type_support.cpp.o[0m
[1.526s] [ 25%] [32mBuilding CXX object CMakeFiles/test_package_msg__rosidl_typesupport_introspection_cpp.dir/rosidl_typesupport_introspection_cpp/test_package_msg/srv/detail/tcp__type_support.cpp.o[0m
[1.542s] [ 29%] [32mBuilding CXX object CMakeFiles/test_package_msg__rosidl_typesupport_fastrtps_cpp.dir/rosidl_typesupport_fastrtps_cpp/test_package_msg/srv/detail/dds_fastrtps/tcp__type_support.cpp.o[0m
[1.573s] In file included from [01m[K/home/addinedu/test/test_project/build/test_package_msg/rosidl_typesupport_cpp/test_package_msg/srv/tcp__type_support.cpp:7[m[K:
[1.573s] [01m[K/home/addinedu/test/test_project/build/test_package_msg/rosidl_generator_cpp/test_package_msg/srv/detail/tcp__struct.hpp:20:10:[m[K [01;31m[Kfatal error: [m[Ktest_package_msg/msg/detail/string__struct.hpp: No such file or directory
[1.573s]    20 | #include [01;31m[K"test_package_msg/msg/detail/string__struct.hpp"[m[K
[1.573s]       |          [01;31m[K^~~~~~~~~~~~~~~~~~~~~~~~~~~~~~~~~~~~~~~~~~~~~~~~[m[K
[1.573s] compilation terminated.
[1.574s] gmake[2]: *** [CMakeFiles/test_package_msg__rosidl_typesupport_cpp.dir/build.make:86: CMakeFiles/test_package_msg__rosidl_typesupport_cpp.dir/rosidl_typesupport_cpp/test_package_msg/srv/tcp__type_support.cpp.o] Error 1
[1.574s] gmake[1]: *** [CMakeFiles/Makefile2:395: CMakeFiles/test_package_msg__rosidl_typesupport_cpp.dir/all] Error 2
[1.582s] In file included from [01m[K/home/addinedu/test/test_project/build/test_package_msg/rosidl_typesupport_fastrtps_cpp/test_package_msg/srv/detail/tcp__rosidl_typesupport_fastrtps_cpp.hpp:11[m[K,
[1.582s]                  from [01m[K/home/addinedu/test/test_project/build/test_package_msg/rosidl_typesupport_fastrtps_cpp/test_package_msg/srv/detail/dds_fastrtps/tcp__type_support.cpp:4[m[K:
[1.582s] [01m[K/home/addinedu/test/test_project/build/test_package_msg/rosidl_generator_cpp/test_package_msg/srv/detail/tcp__struct.hpp:20:10:[m[K [01;31m[Kfatal error: [m[Ktest_package_msg/msg/detail/string__struct.hpp: No such file or directory
[1.582s]    20 | #include [01;31m[K"test_package_msg/msg/detail/string__struct.hpp"[m[K
[1.582s]       |          [01;31m[K^~~~~~~~~~~~~~~~~~~~~~~~~~~~~~~~~~~~~~~~~~~~~~~~[m[K
[1.582s] compilation terminated.
[1.583s] gmake[2]: *** [CMakeFiles/test_package_msg__rosidl_typesupport_fastrtps_cpp.dir/build.make:91: CMakeFiles/test_package_msg__rosidl_typesupport_fastrtps_cpp.dir/rosidl_typesupport_fastrtps_cpp/test_package_msg/srv/detail/dds_fastrtps/tcp__type_support.cpp.o] Error 1
[1.583s] gmake[1]: *** [CMakeFiles/Makefile2:343: CMakeFiles/test_package_msg__rosidl_typesupport_fastrtps_cpp.dir/all] Error 2
[1.587s] In file included from [01m[K/home/addinedu/test/test_project/build/test_package_msg/rosidl_typesupport_introspection_cpp/test_package_msg/srv/detail/tcp__type_support.cpp:12[m[K:
[1.587s] [01m[K/home/addinedu/test/test_project/build/test_package_msg/rosidl_generator_cpp/test_package_msg/srv/detail/tcp__struct.hpp:20:10:[m[K [01;31m[Kfatal error: [m[Ktest_package_msg/msg/detail/string__struct.hpp: No such file or directory
[1.587s]    20 | #include [01;31m[K"test_package_msg/msg/detail/string__struct.hpp"[m[K
[1.587s]       |          [01;31m[K^~~~~~~~~~~~~~~~~~~~~~~~~~~~~~~~~~~~~~~~~~~~~~~~[m[K
[1.587s] compilation terminated.
[1.588s] gmake[2]: *** [CMakeFiles/test_package_msg__rosidl_typesupport_introspection_cpp.dir/build.make:91: CMakeFiles/test_package_msg__rosidl_typesupport_introspection_cpp.dir/rosidl_typesupport_introspection_cpp/test_package_msg/srv/detail/tcp__type_support.cpp.o] Error 1
[1.588s] gmake[1]: *** [CMakeFiles/Makefile2:369: CMakeFiles/test_package_msg__rosidl_typesupport_introspection_cpp.dir/all] Error 2
[1.588s] gmake: *** [Makefile:146: all] Error 2
[1.590s] Invoked command in '/home/addinedu/test/test_project/build/test_package_msg' returned '2': CMAKE_PREFIX_PATH=${CMAKE_PREFIX_PATH}:/home/addinedu/test/test_project/install/test_package:/opt/ros/humble /usr/bin/cmake --build /home/addinedu/test/test_project/build/test_package_msg -- -j12 -l12
